[2025-12-15 15:02:05] Incoming request method: GET; GET:{"resultCode":"1006","orderId":"TEST123","amount":"50000"}; POST:[]
[2025-12-15 15:02:05] Parsed params: {"resultCode":1006,"orderId":"TEST123","amount":50000,"extraData":""}
[2025-12-15 15:02:05] No booking found by momo_order_id: TEST123
[2025-12-15 15:02:05] Payment success for order TEST123 ; resolved user_id=0 ; booking_id=
[2025-12-15 15:02:05] No booking ID to update after successful payment.
[2025-12-15 15:02:05] Redirecting user to my-bookings after success.
[2025-12-15 15:02:37] Incoming request method: GET; GET:{"partnerCode":"MOMOBKUN20180529","orderId":"17658073451649","requestId":"1765807345792","amount":"300000","orderInfo":"Thanh to\u00e1n \u0111\u1eb7t c\u1ecdc (MOMO)","orderType":"momo_wallet","transId":"1765807352621","resultCode":"1006","message":"Giao d\u1ecbch b\u1ecb t\u1eeb ch\u1ed1i b\u1edfi ng\u01b0\u1eddi d\u00f9ng.","payType":"","responseTime":"1765807352657","extraData":"eyJib29raW5nX2lkIjozNiwidXNlcl9pZCI6IjIifQ==","signature":"988d667983a5d2e968087cd345f8e03ad7f2b86d225774ea090046ea9a03634a"}; POST:[]
[2025-12-15 15:02:37] Parsed params: {"resultCode":1006,"orderId":"17658073451649","amount":300000,"extraData":"eyJib29raW5nX2lkIjozNiwidXNlcl9pZCI6IjIifQ=="}
[2025-12-15 15:02:37] Decoded extraData: {"booking_id":36,"user_id":"2"}
[2025-12-15 15:02:37] Payment success for order 17658073451649 ; resolved user_id=2 ; booking_id=36
[2025-12-15 15:02:37] Redirecting user to my-bookings after success.
[2025-12-15 15:03:27] Incoming request method: GET; GET:{"partnerCode":"MOMOBKUN20180529","orderId":"17658073866271","requestId":"1765807386338","amount":"250000","orderInfo":"Thanh to\u00e1n \u0111\u1eb7t c\u1ecdc (MOMO)","orderType":"momo_wallet","transId":"4630014580","resultCode":"0","message":"Th\u00e0nh c\u00f4ng.","payType":"aio_qr","responseTime":"1765807402881","extraData":"eyJib29raW5nX2lkIjozNywidXNlcl9pZCI6IjIifQ==","signature":"8465072f905affe339e4f953e3324c9b148abd3fd0b1971753eecb339898ca91"}; POST:[]
[2025-12-15 15:03:27] Parsed params: {"resultCode":0,"orderId":"17658073866271","amount":250000,"extraData":"eyJib29raW5nX2lkIjozNywidXNlcl9pZCI6IjIifQ=="}
[2025-12-15 15:03:27] Decoded extraData: {"booking_id":37,"user_id":"2"}
[2025-12-15 15:08:05] Incoming request method: GET; GET:{"partnerCode":"MOMOBKUN20180529","orderId":"17658076603525","requestId":"1765807660955","amount":"250000","orderInfo":"Thanh to\u00e1n \u0111\u1eb7t c\u1ecdc (MOMO)","orderType":"momo_wallet","transId":"4630025300","resultCode":"0","message":"Th\u00e0nh c\u00f4ng.","payType":"aio_qr","responseTime":"1765807680822","extraData":"eyJib29raW5nX2lkIjo0MCwidXNlcl9pZCI6IjIifQ==","signature":"f45d76381773767610f2c4069693b0924aac9e75ea44390e0e37e2ff22bddbc3"}; POST:[]
[2025-12-15 15:08:05] Parsed params: {"resultCode":0,"orderId":"17658076603525","amount":250000,"extraData":"eyJib29raW5nX2lkIjo0MCwidXNlcl9pZCI6IjIifQ=="}
[2025-12-15 15:08:05] Decoded extraData: {"booking_id":40,"user_id":"2"}
[2025-12-15 15:08:46] Incoming request method: GET; GET:{"partnerCode":"MOMOBKUN20180529","orderId":"17658077121321","requestId":"1765807712194","amount":"400000","orderInfo":"Thanh to\u00e1n \u0111\u1eb7t c\u1ecdc (MOMO)","orderType":"momo_wallet","transId":"1765807721430","resultCode":"1006","message":"Giao d\u1ecbch b\u1ecb t\u1eeb ch\u1ed1i b\u1edfi ng\u01b0\u1eddi d\u00f9ng.","payType":"","responseTime":"1765807721533","extraData":"eyJib29raW5nX2lkIjo0MSwidXNlcl9pZCI6IjIifQ==","signature":"321efb536e24b240f41798afab7cceab9453a1233a69339c04bf03da0291240d"}; POST:[]
[2025-12-15 15:08:46] Parsed params: {"resultCode":1006,"orderId":"17658077121321","amount":400000,"extraData":"eyJib29raW5nX2lkIjo0MSwidXNlcl9pZCI6IjIifQ=="}
[2025-12-15 15:08:46] Decoded extraData: {"booking_id":41,"user_id":"2"}
[2025-12-15 15:08:46] Payment success for order 17658077121321 ; resolved user_id=2 ; booking_id=41
[2025-12-15 15:08:46] Redirecting user to my-bookings after success.
[2025-12-15 15:11:00] Incoming request method: GET; GET:{"partnerCode":"MOMOBKUN20180529","orderId":"17658078409481","requestId":"1765807840259","amount":"200000","orderInfo":"Thanh to\u00e1n \u0111\u1eb7t c\u1ecdc (MOMO)","orderType":"momo_wallet","transId":"4630025843","resultCode":"0","message":"Th\u00e0nh c\u00f4ng.","payType":"aio_qr","responseTime":"1765807856057","extraData":"eyJib29raW5nX2lkIjo0MiwidXNlcl9pZCI6IjIifQ==","signature":"9eac0b8c622c9f7832f007281edad504157c49b5791cd02015dd5a83c752d231"}; POST:[]
[2025-12-15 15:11:00] Parsed params: {"resultCode":0,"orderId":"17658078409481","amount":200000,"extraData":"eyJib29raW5nX2lkIjo0MiwidXNlcl9pZCI6IjIifQ=="}
[2025-12-15 15:11:00] Decoded extraData: {"booking_id":42,"user_id":"2"}
[2025-12-15 15:11:25] Incoming request method: GET; GET:{"partnerCode":"MOMOBKUN20180529","orderId":"17658078776072","requestId":"1765807877999","amount":"250000","orderInfo":"Thanh to\u00e1n \u0111\u1eb7t c\u1ecdc (MOMO)","orderType":"momo_wallet","transId":"1765807880647","resultCode":"1006","message":"Giao d\u1ecbch b\u1ecb t\u1eeb ch\u1ed1i b\u1edfi ng\u01b0\u1eddi d\u00f9ng.","payType":"","responseTime":"1765807880782","extraData":"eyJib29raW5nX2lkIjo0MywidXNlcl9pZCI6IjIifQ==","signature":"337afeeeb64378edc44c8cace58cecc565a26d7231448bcf7a78fb160312e27c"}; POST:[]
[2025-12-15 15:11:25] Parsed params: {"resultCode":1006,"orderId":"17658078776072","amount":250000,"extraData":"eyJib29raW5nX2lkIjo0MywidXNlcl9pZCI6IjIifQ=="}
[2025-12-15 15:11:25] Decoded extraData: {"booking_id":43,"user_id":"2"}
[2025-12-15 15:11:25] Payment success for order 17658078776072 ; resolved user_id=2 ; booking_id=43
[2025-12-15 15:11:25] Redirecting user to my-bookings after success.
[2025-12-15 15:12:12] Incoming request method: GET; GET:{"resultCode":"1006","orderId":"SIM1765807427","amount":"50000"}; POST:[]
[2025-12-15 15:12:12] Parsed params: {"resultCode":1006,"orderId":"SIM1765807427","amount":50000,"extraData":""}
[2025-12-15 15:12:12] No booking found by momo_order_id: SIM1765807427
[2025-12-15 15:12:12] Payment success for order SIM1765807427 ; resolved user_id=0 ; booking_id=
[2025-12-15 15:12:12] No booking ID to update after successful payment.
[2025-12-15 15:12:43] Incoming request method: GET; GET:{"resultCode":"1006","orderId":"SIM1765807427","amount":"50000"}; POST:[]
[2025-12-15 15:12:43] Parsed params: {"resultCode":1006,"orderId":"SIM1765807427","amount":50000,"extraData":""}
[2025-12-15 15:12:43] No booking found by momo_order_id: SIM1765807427
[2025-12-15 15:12:43] Payment success for order SIM1765807427 ; resolved user_id=0 ; booking_id=
[2025-12-15 15:12:43] No booking ID to update after successful payment.
[2025-12-15 15:12:43] Redirecting user to my-bookings after success.
[2025-12-15 15:33:52] Incoming request method: GET; GET:{"partnerCode":"MOMOBKUN20180529","orderId":"17658092234317","requestId":"1765809223677","amount":"175000","orderInfo":"Thanh to\u00e1n \u0111\u1eb7t c\u1ecdc (MOMO)","orderType":"momo_wallet","transId":"1765809227549","resultCode":"1006","message":"Giao d\u1ecbch b\u1ecb t\u1eeb ch\u1ed1i b\u1edfi ng\u01b0\u1eddi d\u00f9ng.","payType":"","responseTime":"1765809227663","extraData":"eyJib29raW5nIjp7InR5cGUiOiJzaW5nbGUiLCJmaWVsZF9pZCI6NSwiYm9va2luZ19kYXRlIjoiMjAyNS0xMi0xOSIsInN0YXJ0X3RpbWUiOiIwNjowMCIsImR1cmF0aW9uIjoxLCJyZW50X2JhbGwiOjEsInJlbnRfdW5pZm9ybSI6MSwibm90ZSI6IiIsInRvdGFsX3ByaWNlIjo0NTAwMDB9LCJ1c2VyX2lkIjoiMiJ9","signature":"e7b4570f57cf82ad1b2ead7b0c49ff1bc65c02e000c7c2e25193847065bf8c75"}; POST:[]
[2025-12-15 15:33:52] Parsed params: {"resultCode":1006,"orderId":"17658092234317","amount":175000,"extraData":"eyJib29raW5nIjp7InR5cGUiOiJzaW5nbGUiLCJmaWVsZF9pZCI6NSwiYm9va2luZ19kYXRlIjoiMjAyNS0xMi0xOSIsInN0YXJ0X3RpbWUiOiIwNjowMCIsImR1cmF0aW9uIjoxLCJyZW50X2JhbGwiOjEsInJlbnRfdW5pZm9ybSI6MSwibm90ZSI6IiIsInRvdGFsX3ByaWNlIjo0NTAwMDB9LCJ1c2VyX2lkIjoiMiJ9"}
[2025-12-15 15:33:52] Decoded extraData: {"booking":{"type":"single","field_id":5,"booking_date":"2025-12-19","start_time":"06:00","duration":1,"rent_ball":1,"rent_uniform":1,"note":"","total_price":450000},"user_id":"2"}
[2025-12-15 15:33:52] No booking found by momo_order_id: 17658092234317
[2025-12-15 15:33:52] Payment success for order 17658092234317 ; resolved user_id=2 ; booking_id=
[2025-12-15 15:33:52] Redirecting user to my-bookings after success.
[2025-12-15 15:34:20] Incoming request method: GET; GET:{"partnerCode":"MOMOBKUN20180529","orderId":"17658092537635","requestId":"1765809253323","amount":"125000","orderInfo":"Thanh to\u00e1n \u0111\u1eb7t c\u1ecdc (MOMO)","orderType":"momo_wallet","transId":"1765809255911","resultCode":"1006","message":"Giao d\u1ecbch b\u1ecb t\u1eeb ch\u1ed1i b\u1edfi ng\u01b0\u1eddi d\u00f9ng.","payType":"","responseTime":"1765809255944","extraData":"eyJib29raW5nIjp7InR5cGUiOiJzaW5nbGUiLCJmaWVsZF9pZCI6NSwiYm9va2luZ19kYXRlIjoiMjAyNi0wMS0xMCIsInN0YXJ0X3RpbWUiOiIwNzowMCIsImR1cmF0aW9uIjoxLCJyZW50X2JhbGwiOjEsInJlbnRfdW5pZm9ybSI6MSwibm90ZSI6IiIsInRvdGFsX3ByaWNlIjo0NTAwMDB9LCJ1c2VyX2lkIjoiMiJ9","signature":"f8f75ba25c8dcc663b53391c3f59cdcab457d3b0e27e6a5cb25fda44b5212c46"}; POST:[]
[2025-12-15 15:34:20] Parsed params: {"resultCode":1006,"orderId":"17658092537635","amount":125000,"extraData":"eyJib29raW5nIjp7InR5cGUiOiJzaW5nbGUiLCJmaWVsZF9pZCI6NSwiYm9va2luZ19kYXRlIjoiMjAyNi0wMS0xMCIsInN0YXJ0X3RpbWUiOiIwNzowMCIsImR1cmF0aW9uIjoxLCJyZW50X2JhbGwiOjEsInJlbnRfdW5pZm9ybSI6MSwibm90ZSI6IiIsInRvdGFsX3ByaWNlIjo0NTAwMDB9LCJ1c2VyX2lkIjoiMiJ9"}
[2025-12-15 15:34:20] Decoded extraData: {"booking":{"type":"single","field_id":5,"booking_date":"2026-01-10","start_time":"07:00","duration":1,"rent_ball":1,"rent_uniform":1,"note":"","total_price":450000},"user_id":"2"}
[2025-12-15 15:34:20] No booking found by momo_order_id: 17658092537635
[2025-12-15 15:34:20] Payment success for order 17658092537635 ; resolved user_id=2 ; booking_id=
[2025-12-15 15:34:20] Redirecting user to my-bookings after success.
[2025-12-15 15:39:41] Incoming request method: GET; GET:{"resultCode":"1006","orderId":"TEST_CANCEL","amount":"100000"}; POST:[]
[2025-12-15 15:39:41] Parsed params: {"resultCode":1006,"orderId":"TEST_CANCEL","amount":100000,"extraData":""}
[2025-12-15 15:39:41] No booking found by momo_order_id: TEST_CANCEL
[2025-12-15 15:41:23] Incoming request method: GET; GET:{"resultCode":"1006","orderId":"SIM_CANCEL_PAYLOAD","amount":"175000","extraData":"eyJib29raW5nIjp7InR5cGUiOiJzaW5nbGUiLCJmaWVsZF9pZCI6NSwiYm9va2luZ19kYXRlIjoiMjAyNS0xMi0xOSIsInN0YXJ0X3RpbWUiOiIwNjowMCIsImR1cmF0aW9uIjoxLCJyZW50X2JhbGwiOjEsInJlbnRfdW5pZm9ybSI6MSwibm90ZSI6IiIsInRvdGFsX3ByaWNlIjo0NTAwMDB9LCJ1c2VyX2lkIjoiMiJ9"}; POST:[]
[2025-12-15 15:41:23] Parsed params: {"resultCode":1006,"orderId":"SIM_CANCEL_PAYLOAD","amount":175000,"extraData":"eyJib29raW5nIjp7InR5cGUiOiJzaW5nbGUiLCJmaWVsZF9pZCI6NSwiYm9va2luZ19kYXRlIjoiMjAyNS0xMi0xOSIsInN0YXJ0X3RpbWUiOiIwNjowMCIsImR1cmF0aW9uIjoxLCJyZW50X2JhbGwiOjEsInJlbnRfdW5pZm9ybSI6MSwibm90ZSI6IiIsInRvdGFsX3ByaWNlIjo0NTAwMDB9LCJ1c2VyX2lkIjoiMiJ9"}
[2025-12-15 15:41:23] Decoded extraData: {"booking":{"type":"single","field_id":5,"booking_date":"2025-12-19","start_time":"06:00","duration":1,"rent_ball":1,"rent_uniform":1,"note":"","total_price":450000},"user_id":"2"}
[2025-12-15 15:41:23] No booking found by momo_order_id: SIM_CANCEL_PAYLOAD
[2025-12-15 15:44:21] Incoming request method: GET; GET:{"resultCode":"1006","orderId":"SIM_CANCEL_PAYLOAD","amount":"175000","extraData":"eyJib29raW5nIjp7InR5cGUiOiJzaW5nbGUiLCJmaWVsZF9pZCI6NSwiYm9va2luZ19kYXRlIjoiMjAyNS0xMi0xOSIsInN0YXJ0X3RpbWUiOiIwNjowMCIsImR1cmF0aW9uIjoxLCJyZW50X2JhbGwiOjEsInJlbnRfdW5pZm9ybSI6MSwibm90ZSI6IiIsInRvdGFsX3ByaWNlIjo0NTAwMDB9LCJ1c2VyX2lkIjoiMiJ9"}; POST:[]
[2025-12-15 15:44:21] Parsed params: {"resultCode":1006,"orderId":"SIM_CANCEL_PAYLOAD","amount":175000,"extraData":"eyJib29raW5nIjp7InR5cGUiOiJzaW5nbGUiLCJmaWVsZF9pZCI6NSwiYm9va2luZ19kYXRlIjoiMjAyNS0xMi0xOSIsInN0YXJ0X3RpbWUiOiIwNjowMCIsImR1cmF0aW9uIjoxLCJyZW50X2JhbGwiOjEsInJlbnRfdW5pZm9ybSI6MSwibm90ZSI6IiIsInRvdGFsX3ByaWNlIjo0NTAwMDB9LCJ1c2VyX2lkIjoiMiJ9"}
[2025-12-15 15:44:21] Decoded extraData: {"booking":{"type":"single","field_id":5,"booking_date":"2025-12-19","start_time":"06:00","duration":1,"rent_ball":1,"rent_uniform":1,"note":"","total_price":450000},"user_id":"2"}
[2025-12-15 15:44:21] No booking found by momo_order_id: SIM_CANCEL_PAYLOAD
[2025-12-15 15:44:40] Incoming request method: GET; GET:{"resultCode":"1006","orderId":"SIM_CANCEL_PAYLOAD","amount":"175000","extraData":"eyJib29raW5nIjp7InR5cGUiOiJzaW5nbGUiLCJmaWVsZF9pZCI6NSwiYm9va2luZ19kYXRlIjoiMjAyNS0xMi0xOSIsInN0YXJ0X3RpbWUiOiIwNjowMCIsImR1cmF0aW9uIjoxLCJyZW50X2JhbGwiOjEsInJlbnRfdW5pZm9ybSI6MSwibm90ZSI6IiIsInRvdGFsX3ByaWNlIjo0NTAwMDB9LCJ1c2VyX2lkIjoiMiJ9"}; POST:[]
[2025-12-15 15:44:40] Parsed params: {"resultCode":1006,"orderId":"SIM_CANCEL_PAYLOAD","amount":175000,"extraData":"eyJib29raW5nIjp7InR5cGUiOiJzaW5nbGUiLCJmaWVsZF9pZCI6NSwiYm9va2luZ19kYXRlIjoiMjAyNS0xMi0xOSIsInN0YXJ0X3RpbWUiOiIwNjowMCIsImR1cmF0aW9uIjoxLCJyZW50X2JhbGwiOjEsInJlbnRfdW5pZm9ybSI6MSwibm90ZSI6IiIsInRvdGFsX3ByaWNlIjo0NTAwMDB9LCJ1c2VyX2lkIjoiMiJ9"}
[2025-12-15 15:44:40] Decoded extraData: {"booking":{"type":"single","field_id":5,"booking_date":"2025-12-19","start_time":"06:00","duration":1,"rent_ball":1,"rent_uniform":1,"note":"","total_price":450000},"user_id":"2"}
[2025-12-15 15:44:40] No booking found by momo_order_id: SIM_CANCEL_PAYLOAD
[2025-12-15 15:44:40] Stored momo failure record for order SIM_CANCEL_PAYLOAD
[2025-12-15 15:46:46] Incoming request method: GET; GET:{"resultCode":"0","orderId":"SIM_SUCCESS_PAYLOAD","amount":"175000","extraData":"eyJib29raW5nIjp7InR5cGUiOiJzaW5nbGUiLCJmaWVsZF9pZCI6NSwiYm9va2luZ19kYXRlIjoiMjAyNS0xMi0xOSIsInN0YXJ0X3RpbWUiOiIwNjowMCIsImR1cmF0aW9uIjoxLCJyZW50X2JhbGwiOjEsInJlbnRfdW5pZm9ybSI6MSwibm90ZSI6IiIsInRvdGFsX3ByaWNlIjo0NTAwMDB9LCJ1c2VyX2lkIjoiMiJ9"}; POST:[]
[2025-12-15 15:46:46] Parsed params: {"resultCode":0,"orderId":"SIM_SUCCESS_PAYLOAD","amount":175000,"extraData":"eyJib29raW5nIjp7InR5cGUiOiJzaW5nbGUiLCJmaWVsZF9pZCI6NSwiYm9va2luZ19kYXRlIjoiMjAyNS0xMi0xOSIsInN0YXJ0X3RpbWUiOiIwNjowMCIsImR1cmF0aW9uIjoxLCJyZW50X2JhbGwiOjEsInJlbnRfdW5pZm9ybSI6MSwibm90ZSI6IiIsInRvdGFsX3ByaWNlIjo0NTAwMDB9LCJ1c2VyX2lkIjoiMiJ9"}
[2025-12-15 15:46:46] Decoded extraData: {"booking":{"type":"single","field_id":5,"booking_date":"2025-12-19","start_time":"06:00","duration":1,"rent_ball":1,"rent_uniform":1,"note":"","total_price":450000},"user_id":"2"}
[2025-12-15 15:46:46] No booking found by momo_order_id: SIM_SUCCESS_PAYLOAD
[2025-12-15 15:46:46] Payment success for order SIM_SUCCESS_PAYLOAD ; resolved user_id=2 ; booking_id=
[2025-12-15 15:46:46] Conflict found when attempting to create booking after payment.
[2025-12-15 15:58:53] Incoming request method: GET; GET:{"partnerCode":"MOMOBKUN20180529","orderId":"17658107244834","requestId":"1765810724480","amount":"175000","orderInfo":"Thanh to\u00e1n \u0111\u1eb7t c\u1ecdc (MOMO)","orderType":"momo_wallet","transId":"1765810729202","resultCode":"1006","message":"Giao d\u1ecbch b\u1ecb t\u1eeb ch\u1ed1i b\u1edfi ng\u01b0\u1eddi d\u00f9ng.","payType":"","responseTime":"1765810729230","extraData":"eyJib29raW5nIjp7InR5cGUiOiJzaW5nbGUiLCJmaWVsZF9pZCI6NSwiYm9va2luZ19kYXRlIjoiMjAyNS0xMi0yNCIsInN0YXJ0X3RpbWUiOiIwNzowMCIsImR1cmF0aW9uIjoxLCJyZW50X2JhbGwiOjEsInJlbnRfdW5pZm9ybSI6MSwibm90ZSI6IiIsInRvdGFsX3ByaWNlIjo0NTAwMDB9LCJ1c2VyX2lkIjoiMiJ9","signature":"45a7278b924673d67ceb16d9281273b73861f5e71956b6b2d10c826d68ae3c98"}; POST:[]
[2025-12-15 15:58:53] Parsed params: {"resultCode":1006,"orderId":"17658107244834","amount":175000,"extraData":"eyJib29raW5nIjp7InR5cGUiOiJzaW5nbGUiLCJmaWVsZF9pZCI6NSwiYm9va2luZ19kYXRlIjoiMjAyNS0xMi0yNCIsInN0YXJ0X3RpbWUiOiIwNzowMCIsImR1cmF0aW9uIjoxLCJyZW50X2JhbGwiOjEsInJlbnRfdW5pZm9ybSI6MSwibm90ZSI6IiIsInRvdGFsX3ByaWNlIjo0NTAwMDB9LCJ1c2VyX2lkIjoiMiJ9"}
[2025-12-15 15:58:53] Decoded extraData: {"booking":{"type":"single","field_id":5,"booking_date":"2025-12-24","start_time":"07:00","duration":1,"rent_ball":1,"rent_uniform":1,"note":"","total_price":450000},"user_id":"2"}
[2025-12-15 15:58:53] No booking found by momo_order_id: 17658107244834
[2025-12-15 15:58:53] Stored momo failure record for order 17658107244834
[2025-12-15 16:22:08] Incoming request method: GET; GET:{"partnerCode":"MOMOBKUN20180529","orderId":"17658121215512","requestId":"1765812121144","amount":"300000","orderInfo":"Thanh to\u00e1n \u0111\u1eb7t c\u1ecdc (MOMO)","orderType":"momo_wallet","transId":"1765812125525","resultCode":"1006","message":"Giao d\u1ecbch b\u1ecb t\u1eeb ch\u1ed1i b\u1edfi ng\u01b0\u1eddi d\u00f9ng.","payType":"","responseTime":"1765812125643","extraData":"eyJib29raW5nIjp7InR5cGUiOiJzaW5nbGUiLCJmaWVsZF9pZCI6NSwiYm9va2luZ19kYXRlIjoiMjAyNS0xMi0xOCIsInN0YXJ0X3RpbWUiOiIwNzowMCIsImR1cmF0aW9uIjoyLCJyZW50X2JhbGwiOjEsInJlbnRfdW5pZm9ybSI6MSwibm90ZSI6IiIsInRvdGFsX3ByaWNlIjo3MDAwMDB9LCJ1c2VyX2lkIjoiMiJ9","signature":"06aab6ad2e6c9c0e59776b0bbbbf88887cf294c30a9907dbf309f9ff3cc016d0"}; POST:[]
[2025-12-15 16:22:08] Parsed params: {"resultCode":1006,"orderId":"17658121215512","amount":300000,"extraData":"eyJib29raW5nIjp7InR5cGUiOiJzaW5nbGUiLCJmaWVsZF9pZCI6NSwiYm9va2luZ19kYXRlIjoiMjAyNS0xMi0xOCIsInN0YXJ0X3RpbWUiOiIwNzowMCIsImR1cmF0aW9uIjoyLCJyZW50X2JhbGwiOjEsInJlbnRfdW5pZm9ybSI6MSwibm90ZSI6IiIsInRvdGFsX3ByaWNlIjo3MDAwMDB9LCJ1c2VyX2lkIjoiMiJ9"}
[2025-12-15 16:22:08] Decoded extraData: {"booking":{"type":"single","field_id":5,"booking_date":"2025-12-18","start_time":"07:00","duration":2,"rent_ball":1,"rent_uniform":1,"note":"","total_price":700000},"user_id":"2"}
[2025-12-15 16:22:08] No booking found by momo_order_id: 17658121215512
[2025-12-15 16:22:08] Stored momo failure record for order 17658121215512
[2025-12-17 04:57:54] Incoming request method: GET; GET:{"partnerCode":"MOMOBKUN20180529","orderId":"17659438524508","requestId":"1765943852971","amount":"400000","orderInfo":"Thanh to\u00e1n \u0111\u1eb7t c\u1ecdc (MOMO)","orderType":"momo_wallet","transId":"4631461752","resultCode":"0","message":"Th\u00e0nh c\u00f4ng.","payType":"aio_qr","responseTime":"1765943870571","extraData":"eyJib29raW5nIjp7InR5cGUiOiJzaW5nbGUiLCJmaWVsZF9pZCI6MSwiYm9va2luZ19kYXRlIjoiMjAyNS0xMi0xOCIsInN0YXJ0X3RpbWUiOiIwNzowMCIsImR1cmF0aW9uIjoxLCJyZW50X2JhbGwiOjEsInJlbnRfdW5pZm9ybSI6MSwibm90ZSI6IiIsInRvdGFsX3ByaWNlIjo4MDAwMDB9LCJ1c2VyX2lkIjoiMiJ9","signature":"abaa5243ba902962a5cb4e6d3a3fba5f0ffdc0d516f5309caba87c70d3250084"}; POST:[]
[2025-12-17 04:57:54] Parsed params: {"resultCode":0,"orderId":"17659438524508","amount":400000,"extraData":"eyJib29raW5nIjp7InR5cGUiOiJzaW5nbGUiLCJmaWVsZF9pZCI6MSwiYm9va2luZ19kYXRlIjoiMjAyNS0xMi0xOCIsInN0YXJ0X3RpbWUiOiIwNzowMCIsImR1cmF0aW9uIjoxLCJyZW50X2JhbGwiOjEsInJlbnRfdW5pZm9ybSI6MSwibm90ZSI6IiIsInRvdGFsX3ByaWNlIjo4MDAwMDB9LCJ1c2VyX2lkIjoiMiJ9"}
[2025-12-17 04:57:54] Decoded extraData: {"booking":{"type":"single","field_id":1,"booking_date":"2025-12-18","start_time":"07:00","duration":1,"rent_ball":1,"rent_uniform":1,"note":"","total_price":800000},"user_id":"2"}
[2025-12-17 04:57:54] No booking found by momo_order_id: 17659438524508
[2025-12-17 04:57:54] Payment success for order 17659438524508 ; resolved user_id=2 ; booking_id=
[2025-12-17 04:57:54] Redirecting user to my-bookings after success.
[2025-12-17 07:22:21] Incoming request method: GET; GET:{"partnerCode":"MOMOBKUN20180529","orderId":"17659524834978","requestId":"1765952483373","amount":"175000","orderInfo":"Thanh to\u00e1n \u0111\u1eb7t c\u1ecdc (MOMO)","orderType":"momo_wallet","transId":"4631510584","resultCode":"0","message":"Th\u00e0nh c\u00f4ng.","payType":"aio_qr","responseTime":"1765952536938","extraData":"eyJib29raW5nIjp7InR5cGUiOiJzaW5nbGUiLCJmaWVsZF9pZCI6NSwiYm9va2luZ19kYXRlIjoiMjAyNS0xMi0xOSIsInN0YXJ0X3RpbWUiOiIwNzowMCIsImR1cmF0aW9uIjoxLCJyZW50X2JhbGwiOjEsInJlbnRfdW5pZm9ybSI6MSwibm90ZSI6IiIsInRvdGFsX3ByaWNlIjo0NTAwMDB9LCJ1c2VyX2lkIjoiNyJ9","signature":"5930d3e0cb34a8e3c679004062675e7feaa5eaba01339eb61de600bbd378f7ba"}; POST:[]
[2025-12-17 07:22:21] Parsed params: {"resultCode":0,"orderId":"17659524834978","amount":175000,"extraData":"eyJib29raW5nIjp7InR5cGUiOiJzaW5nbGUiLCJmaWVsZF9pZCI6NSwiYm9va2luZ19kYXRlIjoiMjAyNS0xMi0xOSIsInN0YXJ0X3RpbWUiOiIwNzowMCIsImR1cmF0aW9uIjoxLCJyZW50X2JhbGwiOjEsInJlbnRfdW5pZm9ybSI6MSwibm90ZSI6IiIsInRvdGFsX3ByaWNlIjo0NTAwMDB9LCJ1c2VyX2lkIjoiNyJ9"}
[2025-12-17 07:22:21] Decoded extraData: {"booking":{"type":"single","field_id":5,"booking_date":"2025-12-19","start_time":"07:00","duration":1,"rent_ball":1,"rent_uniform":1,"note":"","total_price":450000},"user_id":"7"}
[2025-12-17 07:22:21] No booking found by momo_order_id: 17659524834978
[2025-12-17 07:22:21] Payment success for order 17659524834978 ; resolved user_id=7 ; booking_id=
[2025-12-17 07:22:21] Redirecting user to my-bookings after success.
[2025-12-17 07:23:19] Incoming request method: GET; GET:{"partnerCode":"MOMOBKUN20180529","orderId":"17659525835901","requestId":"1765952583706","amount":"200000","orderInfo":"Thanh to\u00e1n \u0111\u1eb7t c\u1ecdc (MOMO)","orderType":"momo_wallet","transId":"4631511174","resultCode":"0","message":"Th\u00e0nh c\u00f4ng.","payType":"aio_qr","responseTime":"1765952595384","extraData":"eyJib29raW5nIjp7InR5cGUiOiJzaW5nbGUiLCJmaWVsZF9pZCI6MywiYm9va2luZ19kYXRlIjoiMjAyNS0xMi0xOSIsInN0YXJ0X3RpbWUiOiIwNzowMCIsImR1cmF0aW9uIjoxLCJyZW50X2JhbGwiOjEsInJlbnRfdW5pZm9ybSI6MSwibm90ZSI6IiIsInRvdGFsX3ByaWNlIjo2MDAwMDB9LCJ1c2VyX2lkIjoiNyJ9","signature":"f7377cf1b6181eb09173cdeba8594471cccf5f60a01a102a1793c4c673a5f360"}; POST:[]
[2025-12-17 07:23:19] Parsed params: {"resultCode":0,"orderId":"17659525835901","amount":200000,"extraData":"eyJib29raW5nIjp7InR5cGUiOiJzaW5nbGUiLCJmaWVsZF9pZCI6MywiYm9va2luZ19kYXRlIjoiMjAyNS0xMi0xOSIsInN0YXJ0X3RpbWUiOiIwNzowMCIsImR1cmF0aW9uIjoxLCJyZW50X2JhbGwiOjEsInJlbnRfdW5pZm9ybSI6MSwibm90ZSI6IiIsInRvdGFsX3ByaWNlIjo2MDAwMDB9LCJ1c2VyX2lkIjoiNyJ9"}
[2025-12-17 07:23:19] Decoded extraData: {"booking":{"type":"single","field_id":3,"booking_date":"2025-12-19","start_time":"07:00","duration":1,"rent_ball":1,"rent_uniform":1,"note":"","total_price":600000},"user_id":"7"}
[2025-12-17 07:23:19] No booking found by momo_order_id: 17659525835901
[2025-12-17 07:23:19] Payment success for order 17659525835901 ; resolved user_id=7 ; booking_id=
[2025-12-17 07:23:19] Redirecting user to my-bookings after success.
[2025-12-17 07:28:36] Incoming request method: GET; GET:{"partnerCode":"MOMOBKUN20180529","orderId":"17659528894381","requestId":"1765952889296","amount":"200000","orderInfo":"Thanh to\u00e1n \u0111\u1eb7t c\u1ecdc (MOMO)","orderType":"momo_wallet","transId":"4631501553","resultCode":"0","message":"Th\u00e0nh c\u00f4ng.","payType":"aio_qr","responseTime":"1765952910844","extraData":"eyJib29raW5nIjp7InR5cGUiOiJzaW5nbGUiLCJmaWVsZF9pZCI6MywiYm9va2luZ19kYXRlIjoiMjAyNS0xMi0xOSIsInN0YXJ0X3RpbWUiOiIwNzowMCIsImR1cmF0aW9uIjoxLCJyZW50X2JhbGwiOjEsInJlbnRfdW5pZm9ybSI6MSwibm90ZSI6IiIsInRvdGFsX3ByaWNlIjo2MDAwMDB9LCJ1c2VyX2lkIjoiNyJ9","signature":"3c77a8c3fb24d0565ecb84e2e465ce594f7cd53985b71160a15d792748826a40"}; POST:[]
[2025-12-17 07:28:36] Parsed params: {"resultCode":0,"orderId":"17659528894381","amount":200000,"extraData":"eyJib29raW5nIjp7InR5cGUiOiJzaW5nbGUiLCJmaWVsZF9pZCI6MywiYm9va2luZ19kYXRlIjoiMjAyNS0xMi0xOSIsInN0YXJ0X3RpbWUiOiIwNzowMCIsImR1cmF0aW9uIjoxLCJyZW50X2JhbGwiOjEsInJlbnRfdW5pZm9ybSI6MSwibm90ZSI6IiIsInRvdGFsX3ByaWNlIjo2MDAwMDB9LCJ1c2VyX2lkIjoiNyJ9"}
[2025-12-17 07:28:36] Decoded extraData: {"booking":{"type":"single","field_id":3,"booking_date":"2025-12-19","start_time":"07:00","duration":1,"rent_ball":1,"rent_uniform":1,"note":"","total_price":600000},"user_id":"7"}
[2025-12-17 07:28:36] No booking found by momo_order_id: 17659528894381
[2025-12-17 07:28:36] Payment success for order 17659528894381 ; resolved user_id=7 ; booking_id=
[2025-12-17 07:28:36] Redirecting user to my-bookings after success.
[2025-12-17 08:57:41] Incoming request method: GET; GET:{"partnerCode":"MOMOBKUN20180529","orderId":"17659582331228","requestId":"1765958233440","amount":"350000","orderInfo":"Thanh to\u00e1n \u0111\u1eb7t c\u1ecdc (MOMO)","orderType":"momo_wallet","transId":"4631534993","resultCode":"0","message":"Th\u00e0nh c\u00f4ng.","payType":"aio_qr","responseTime":"1765958258221","extraData":"eyJib29raW5nIjp7InR5cGUiOiJzaW5nbGUiLCJmaWVsZF9pZCI6NSwiYm9va2luZ19kYXRlIjoiMjAyNS0xMi0xOCIsInN0YXJ0X3RpbWUiOiIwNjowMCIsImR1cmF0aW9uIjoyLCJyZW50X2JhbGwiOjEsInJlbnRfdW5pZm9ybSI6MSwibm90ZSI6InRoXHUwMGVhbSBuXHUwMWIwXHUxZWRiYyIsInRvdGFsX3ByaWNlIjo3MDAwMDB9LCJ1c2VyX2lkIjoiNyJ9","signature":"86fcdf3e445b1ba1d0b68b869d62b774f2948aa3145e09980189c0640c5ff73a"}; POST:[]
[2025-12-17 08:57:41] Parsed params: {"resultCode":0,"orderId":"17659582331228","amount":350000,"extraData":"eyJib29raW5nIjp7InR5cGUiOiJzaW5nbGUiLCJmaWVsZF9pZCI6NSwiYm9va2luZ19kYXRlIjoiMjAyNS0xMi0xOCIsInN0YXJ0X3RpbWUiOiIwNjowMCIsImR1cmF0aW9uIjoyLCJyZW50X2JhbGwiOjEsInJlbnRfdW5pZm9ybSI6MSwibm90ZSI6InRoXHUwMGVhbSBuXHUwMWIwXHUxZWRiYyIsInRvdGFsX3ByaWNlIjo3MDAwMDB9LCJ1c2VyX2lkIjoiNyJ9"}
[2025-12-17 08:57:41] Decoded extraData: {"booking":{"type":"single","field_id":5,"booking_date":"2025-12-18","start_time":"06:00","duration":2,"rent_ball":1,"rent_uniform":1,"note":"th\u00eam n\u01b0\u1edbc","total_price":700000},"user_id":"7"}
[2025-12-17 08:57:41] No booking found by momo_order_id: 17659582331228
[2025-12-17 08:57:41] Payment success for order 17659582331228 ; resolved user_id=7 ; booking_id=
[2025-12-17 08:57:41] Redirecting user to my-bookings after success.
[2025-12-17 09:06:17] Incoming request method: GET; GET:{"partnerCode":"MOMOBKUN20180529","orderId":"17659586953407","requestId":"1765958695581","amount":"125000","orderInfo":"Thanh to\u00e1n \u0111\u1eb7t c\u1ecdc (MOMO)","orderType":"momo_wallet","transId":"4631545619","resultCode":"0","message":"Th\u00e0nh c\u00f4ng.","payType":"aio_qr","responseTime":"1765958773853","extraData":"eyJib29raW5nIjp7InR5cGUiOiJzaW5nbGUiLCJmaWVsZF9pZCI6NSwiYm9va2luZ19kYXRlIjoiMjAyNS0xMi0xNyIsInN0YXJ0X3RpbWUiOiIwODowMCIsImR1cmF0aW9uIjoxLCJyZW50X2JhbGwiOjEsInJlbnRfdW5pZm9ybSI6MSwibm90ZSI6IiIsInRvdGFsX3ByaWNlIjo0NTAwMDB9LCJ1c2VyX2lkIjoiNyJ9","signature":"3698c0b4f8e44b674cc20a758325da4214f4ab3be2afbc347335d83ed03d02a6"}; POST:[]
[2025-12-17 09:06:17] Parsed params: {"resultCode":0,"orderId":"17659586953407","amount":125000,"extraData":"eyJib29raW5nIjp7InR5cGUiOiJzaW5nbGUiLCJmaWVsZF9pZCI6NSwiYm9va2luZ19kYXRlIjoiMjAyNS0xMi0xNyIsInN0YXJ0X3RpbWUiOiIwODowMCIsImR1cmF0aW9uIjoxLCJyZW50X2JhbGwiOjEsInJlbnRfdW5pZm9ybSI6MSwibm90ZSI6IiIsInRvdGFsX3ByaWNlIjo0NTAwMDB9LCJ1c2VyX2lkIjoiNyJ9"}
[2025-12-17 09:06:17] Decoded extraData: {"booking":{"type":"single","field_id":5,"booking_date":"2025-12-17","start_time":"08:00","duration":1,"rent_ball":1,"rent_uniform":1,"note":"","total_price":450000},"user_id":"7"}
[2025-12-17 09:06:17] No booking found by momo_order_id: 17659586953407
[2025-12-17 09:06:17] Payment success for order 17659586953407 ; resolved user_id=7 ; booking_id=
[2025-12-17 09:06:17] Redirecting user to my-bookings after success.
[2025-12-17 09:24:19] Incoming request method: GET; GET:{"partnerCode":"MOMOBKUN20180529","orderId":"17659598343282","requestId":"1765959834823","amount":"275000","orderInfo":"Thanh to\u00e1n \u0111\u1eb7t c\u1ecdc (MOMO)","orderType":"momo_wallet","transId":"4631578323","resultCode":"0","message":"Th\u00e0nh c\u00f4ng.","payType":"aio_qr","responseTime":"1765959855421","extraData":"eyJib29raW5nIjp7InR5cGUiOiJzaW5nbGUiLCJmaWVsZF9pZCI6NSwiYm9va2luZ19kYXRlIjoiMjAyNS0xMi0xNyIsInN0YXJ0X3RpbWUiOiIxNjowMCIsImR1cmF0aW9uIjoxLCJyZW50X2JhbGwiOjEsInJlbnRfdW5pZm9ybSI6MSwibm90ZSI6IiIsInRvdGFsX3ByaWNlIjo2NTAwMDAsInBlYWtfc3VyY2hhcmdlIjoyMDAwMDB9LCJ1c2VyX2lkIjoiNyJ9","signature":"0346a9271232606cec298a4c678466110befef51e4b1399265abba1383a560e2"}; POST:[]
[2025-12-17 09:24:19] Parsed params: {"resultCode":0,"orderId":"17659598343282","amount":275000,"extraData":"eyJib29raW5nIjp7InR5cGUiOiJzaW5nbGUiLCJmaWVsZF9pZCI6NSwiYm9va2luZ19kYXRlIjoiMjAyNS0xMi0xNyIsInN0YXJ0X3RpbWUiOiIxNjowMCIsImR1cmF0aW9uIjoxLCJyZW50X2JhbGwiOjEsInJlbnRfdW5pZm9ybSI6MSwibm90ZSI6IiIsInRvdGFsX3ByaWNlIjo2NTAwMDAsInBlYWtfc3VyY2hhcmdlIjoyMDAwMDB9LCJ1c2VyX2lkIjoiNyJ9"}
[2025-12-17 09:24:19] Decoded extraData: {"booking":{"type":"single","field_id":5,"booking_date":"2025-12-17","start_time":"16:00","duration":1,"rent_ball":1,"rent_uniform":1,"note":"","total_price":650000,"peak_surcharge":200000},"user_id":"7"}
[2025-12-17 09:24:19] No booking found by momo_order_id: 17659598343282
[2025-12-17 09:24:19] Payment success for order 17659598343282 ; resolved user_id=7 ; booking_id=
[2025-12-17 15:24:19] Redirecting user to my-bookings after success.
